action: py39-ansible210, msg: envreport
cwd: /opt/vector-role
cmd: /opt/vector-role/.tox/py39-ansible210/bin/python -m pip freeze
ansible==2.10.7
ansible-base==2.10.17
ansible-compat==4.1.10
ansible-core==2.15.6
ansible-lint==5.1.3
arrow==1.3.0
attrs==23.1.0
bcrypt==4.1.1
binaryornot==0.4.4
bracex==2.4
Cerberus==1.3.5
certifi==2023.11.17
cffi==1.16.0
chardet==5.2.0
charset-normalizer==3.3.2
click==8.1.7
click-help-colors==0.9.4
cookiecutter==2.5.0
cryptography==41.0.7
distro==1.8.0
enrich==1.2.7
idna==3.6
importlib-resources==5.0.7
Jinja2==3.1.2
jmespath==1.0.1
jsonschema==4.20.0
jsonschema-specifications==2023.11.2
lxml==4.9.3
markdown-it-py==3.0.0
MarkupSafe==2.1.3
mdurl==0.1.2
molecule==3.5.2
molecule-podman==2.0.0
packaging==23.2
paramiko==2.12.0
pathspec==0.11.2
pluggy==1.3.0
pycparser==2.21
Pygments==2.17.2
PyNaCl==1.5.0
python-dateutil==2.8.2
python-slugify==8.0.1
PyYAML==5.4.1
referencing==0.31.1
requests==2.31.0
resolvelib==1.0.1
rich==13.7.0
rpds-py==0.13.2
ruamel.yaml==0.18.5
ruamel.yaml.clib==0.2.8
selinux==0.3.0
six==1.16.0
subprocess-tee==0.4.1
tenacity==8.2.3
text-unidecode==1.3
types-python-dateutil==2.8.19.14
typing_extensions==4.8.0
urllib3==2.1.0
wcmatch==8.5
yamllint==1.26.3
