action: py39-ansible210, msg: getenv
cwd: /opt/vector-role
cmd: /opt/vector-role/.tox/py39-ansible210/bin/python -m pip install -rtox-requirements.txt 'ansible<3.0'
Collecting ansible<3.0
  Using cached ansible-2.10.7.tar.gz (29.9 MB)
  Preparing metadata (setup.py): started
  Preparing metadata (setup.py): finished with status 'done'
Collecting selinux
  Downloading selinux-0.3.0-py2.py3-none-any.whl (4.2 kB)
Collecting ansible-lint==5.1.3
  Using cached ansible_lint-5.1.3-py3-none-any.whl (113 kB)
Collecting yamllint==1.26.3
  Using cached yamllint-1.26.3.tar.gz (126 kB)
  Preparing metadata (setup.py): started
  Preparing metadata (setup.py): finished with status 'done'
Collecting lxml
  Downloading lxml-4.9.3-cp39-cp39-manylinux_2_28_x86_64.whl (8.0 MB)
     ━━━━━━━━━━━━━━━━━━━━━━━━━━━━━━━━━━━━━━━━ 8.0/8.0 MB 15.3 MB/s eta 0:00:00
Collecting molecule==3.5.2
  Using cached molecule-3.5.2-py3-none-any.whl (240 kB)
Collecting molecule_podman
  Downloading molecule_podman-2.0.3-py3-none-any.whl (15 kB)
Collecting jmespath
  Using cached jmespath-1.0.1-py3-none-any.whl (20 kB)
Collecting ruamel.yaml<1,>=0.15.37
  Using cached ruamel.yaml-0.18.5-py3-none-any.whl (116 kB)
Collecting packaging
  Using cached packaging-23.2-py3-none-any.whl (53 kB)
Collecting pyyaml
  Downloading PyYAML-6.0.1-cp39-cp39-manylinux_2_17_x86_64.manylinux2014_x86_64.whl (738 kB)
     ━━━━━━━━━━━━━━━━━━━━━━━━━━━━━━━━━━━━━━━━ 738.9/738.9 KB 11.7 MB/s eta 0:00:00
Collecting enrich>=1.2.6
  Using cached enrich-1.2.7-py3-none-any.whl (8.7 kB)
Collecting tenacity
  Using cached tenacity-8.2.3-py3-none-any.whl (24 kB)
Collecting wcmatch>=7.0
  Downloading wcmatch-8.5-py3-none-any.whl (39 kB)
Collecting rich>=9.5.1
  Using cached rich-13.7.0-py3-none-any.whl (240 kB)
Collecting pathspec>=0.5.3
  Using cached pathspec-0.11.2-py3-none-any.whl (29 kB)
Requirement already satisfied: setuptools in ./.tox/py39-ansible210/lib/python3.9/site-packages (from yamllint==1.26.3->-r tox-requirements.txt (line 3)) (62.1.0)
Collecting Jinja2>=2.11.3
  Using cached Jinja2-3.1.2-py3-none-any.whl (133 kB)
Collecting ansible-compat>=0.5.0
  Downloading ansible_compat-4.1.10-py3-none-any.whl (22 kB)
Collecting click<9,>=8.0
  Using cached click-8.1.7-py3-none-any.whl (97 kB)
Collecting subprocess-tee>=0.3.5
  Downloading subprocess_tee-0.4.1-py3-none-any.whl (5.1 kB)
Collecting pyyaml
  Downloading PyYAML-5.4.1-cp39-cp39-manylinux1_x86_64.whl (630 kB)
     ━━━━━━━━━━━━━━━━━━━━━━━━━━━━━━━━━━━━━━━━ 630.1/630.1 KB 13.3 MB/s eta 0:00:00
Collecting paramiko<3,>=2.5.0
  Using cached paramiko-2.12.0-py2.py3-none-any.whl (213 kB)
Collecting click-help-colors>=0.9
  Using cached click_help_colors-0.9.4-py3-none-any.whl (6.4 kB)
Collecting cerberus!=1.3.3,!=1.3.4,>=1.3.1
  Using cached Cerberus-1.3.5-py3-none-any.whl (30 kB)
Collecting pluggy<2.0,>=0.7.1
  Downloading pluggy-1.3.0-py3-none-any.whl (18 kB)
Collecting cookiecutter>=1.7.3
  Using cached cookiecutter-2.5.0-py3-none-any.whl (39 kB)
Collecting ansible-base<2.11,>=2.10.5
  Using cached ansible-base-2.10.17.tar.gz (6.1 MB)
  Preparing metadata (setup.py): started
  Preparing metadata (setup.py): finished with status 'done'
Collecting distro>=1.3.0
  Using cached distro-1.8.0-py3-none-any.whl (20 kB)
Collecting molecule_podman
  Downloading molecule_podman-2.0.2-py3-none-any.whl (15 kB)
  Downloading molecule_podman-2.0.1-py3-none-any.whl (9.9 kB)
  Downloading molecule_podman-2.0.0-py3-none-any.whl (15 kB)
Collecting cryptography
  Using cached cryptography-41.0.7-cp37-abi3-manylinux_2_28_x86_64.whl (4.4 MB)
Collecting typing-extensions>=4.5.0
  Downloading typing_extensions-4.8.0-py3-none-any.whl (31 kB)
Collecting ansible-core>=2.12
  Downloading ansible_core-2.15.6-py3-none-any.whl (2.2 MB)
     ━━━━━━━━━━━━━━━━━━━━━━━━━━━━━━━━━━━━━━━━ 2.2/2.2 MB 16.9 MB/s eta 0:00:00
Collecting jsonschema>=4.6.0
  Downloading jsonschema-4.20.0-py3-none-any.whl (84 kB)
     ━━━━━━━━━━━━━━━━━━━━━━━━━━━━━━━━━━━━━━━━ 84.7/84.7 KB 2.2 MB/s eta 0:00:00
Collecting requests>=2.23.0
  Using cached requests-2.31.0-py3-none-any.whl (62 kB)
Collecting binaryornot>=0.4.4
  Using cached binaryornot-0.4.4-py2.py3-none-any.whl (9.0 kB)
Collecting python-slugify>=4.0.0
  Using cached python_slugify-8.0.1-py2.py3-none-any.whl (9.7 kB)
Collecting arrow
  Downloading arrow-1.3.0-py3-none-any.whl (66 kB)
     ━━━━━━━━━━━━━━━━━━━━━━━━━━━━━━━━━━━━━━━━ 66.4/66.4 KB 1.2 MB/s eta 0:00:00
Collecting MarkupSafe>=2.0
  Downloading MarkupSafe-2.1.3-cp39-cp39-manylinux_2_17_x86_64.manylinux2014_x86_64.whl (25 kB)
Collecting six
  Using cached six-1.16.0-py2.py3-none-any.whl (11 kB)
Collecting pynacl>=1.0.1
  Using cached PyNaCl-1.5.0-cp36-abi3-manylinux_2_17_x86_64.manylinux2014_x86_64.manylinux_2_24_x86_64.whl (856 kB)
Collecting bcrypt>=3.1.3
  Using cached bcrypt-4.1.1-cp37-abi3-manylinux_2_28_x86_64.whl (699 kB)
Collecting markdown-it-py>=2.2.0
  Downloading markdown_it_py-3.0.0-py3-none-any.whl (87 kB)
     ━━━━━━━━━━━━━━━━━━━━━━━━━━━━━━━━━━━━━━━━ 87.5/87.5 KB 1.5 MB/s eta 0:00:00
Collecting pygments<3.0.0,>=2.13.0
  Using cached pygments-2.17.2-py3-none-any.whl (1.2 MB)
Collecting ruamel.yaml.clib>=0.2.7
  Downloading ruamel.yaml.clib-0.2.8-cp39-cp39-manylinux_2_5_x86_64.manylinux1_x86_64.whl (562 kB)
     ━━━━━━━━━━━━━━━━━━━━━━━━━━━━━━━━━━━━━━━━ 562.1/562.1 KB 286.1 kB/s eta 0:00:00
Collecting bracex>=2.1.1
  Downloading bracex-2.4-py3-none-any.whl (11 kB)
Collecting resolvelib<1.1.0,>=0.5.3
  Downloading resolvelib-1.0.1-py2.py3-none-any.whl (17 kB)
Collecting importlib-resources<5.1,>=5.0
  Downloading importlib_resources-5.0.7-py3-none-any.whl (24 kB)
Collecting chardet>=3.0.2
  Using cached chardet-5.2.0-py3-none-any.whl (199 kB)
Collecting cffi>=1.12
  Downloading cffi-1.16.0-cp39-cp39-manylinux_2_17_x86_64.manylinux2014_x86_64.whl (443 kB)
     ━━━━━━━━━━━━━━━━━━━━━━━━━━━━━━━━━━━━━━━━ 443.4/443.4 KB 7.3 MB/s eta 0:00:00
Collecting referencing>=0.28.4
  Downloading referencing-0.31.1-py3-none-any.whl (25 kB)
Collecting attrs>=22.2.0
  Downloading attrs-23.1.0-py3-none-any.whl (61 kB)
     ━━━━━━━━━━━━━━━━━━━━━━━━━━━━━━━━━━━━━━━━ 61.2/61.2 KB 1.0 MB/s eta 0:00:00
Collecting rpds-py>=0.7.1
  Downloading rpds_py-0.13.2-cp39-cp39-manylinux_2_17_x86_64.manylinux2014_x86_64.whl (1.2 MB)
     ━━━━━━━━━━━━━━━━━━━━━━━━━━━━━━━━━━━━━━━━ 1.2/1.2 MB 4.9 MB/s eta 0:00:00
Collecting jsonschema-specifications>=2023.03.6
  Downloading jsonschema_specifications-2023.11.2-py3-none-any.whl (17 kB)
Collecting mdurl~=0.1
  Using cached mdurl-0.1.2-py3-none-any.whl (10.0 kB)
Collecting text-unidecode>=1.3
  Using cached text_unidecode-1.3-py2.py3-none-any.whl (78 kB)
Collecting idna<4,>=2.5
  Using cached idna-3.6-py3-none-any.whl (61 kB)
Collecting certifi>=2017.4.17
  Using cached certifi-2023.11.17-py3-none-any.whl (162 kB)
Collecting urllib3<3,>=1.21.1
  Downloading urllib3-2.1.0-py3-none-any.whl (104 kB)
     ━━━━━━━━━━━━━━━━━━━━━━━━━━━━━━━━━━━━━━━━ 104.6/104.6 KB 2.4 MB/s eta 0:00:00
Collecting charset-normalizer<4,>=2
  Downloading charset_normalizer-3.3.2-cp39-cp39-manylinux_2_17_x86_64.manylinux2014_x86_64.whl (142 kB)
     ━━━━━━━━━━━━━━━━━━━━━━━━━━━━━━━━━━━━━━━━ 142.3/142.3 KB 3.1 MB/s eta 0:00:00
Collecting types-python-dateutil>=2.8.10
  Downloading types_python_dateutil-2.8.19.14-py3-none-any.whl (9.4 kB)
Collecting python-dateutil>=2.7.0
  Using cached python_dateutil-2.8.2-py2.py3-none-any.whl (247 kB)
Collecting pycparser
  Using cached pycparser-2.21-py2.py3-none-any.whl (118 kB)
Building wheels for collected packages: yamllint, ansible, ansible-base
  Building wheel for yamllint (setup.py): started
  Building wheel for yamllint (setup.py): finished with status 'done'
  Created wheel for yamllint: filename=yamllint-1.26.3-py2.py3-none-any.whl size=60820 sha256=80a8fedc5edcfc45af8ab73fd46dd0abe260eb614c2cb2cc790c35847765323a
  Stored in directory: /root/.cache/pip/wheels/ad/e7/53/f6ab69bd61ed0a887ee815302635448de42a0bc04035d5c1e9
  Building wheel for ansible (setup.py): started
  Building wheel for ansible (setup.py): finished with status 'done'
  Created wheel for ansible: filename=ansible-2.10.7-py3-none-any.whl size=48212999 sha256=6003b45113f01e49859f2f0f169f5449c54a7793b3b6fe263e7d61cc80d4f7bf
  Stored in directory: /root/.cache/pip/wheels/d6/46/93/27a3ddde47e17cc3cb9d04ce9661b9cd39a186af92c7c48592
  Building wheel for ansible-base (setup.py): started
  Building wheel for ansible-base (setup.py): finished with status 'done'
  Created wheel for ansible-base: filename=ansible_base-2.10.17-py3-none-any.whl size=1880375 sha256=9e91e2c05713fb0c1389f28fa4a1db15d4533cfd7cb0faf2e6b7692058ef99f1
  Stored in directory: /root/.cache/pip/wheels/77/01/15/0d4b716065c1270fd0b9c28e5bd44d5fd907c43a85791747d7
Successfully built yamllint ansible ansible-base
Installing collected packages: types-python-dateutil, text-unidecode, resolvelib, cerberus, urllib3, typing-extensions, tenacity, subprocess-tee, six, ruamel.yaml.clib, rpds-py, pyyaml, python-slugify, pygments, pycparser, pluggy, pathspec, packaging, mdurl, MarkupSafe, lxml, jmespath, importlib-resources, idna, distro, click, charset-normalizer, chardet, certifi, bracex, bcrypt, attrs, yamllint, wcmatch, selinux, ruamel.yaml, requests, referencing, python-dateutil, markdown-it-py, Jinja2, click-help-colors, cffi, binaryornot, rich, pynacl, jsonschema-specifications, cryptography, arrow, paramiko, jsonschema, enrich, cookiecutter, ansible-core, ansible-base, ansible-lint, ansible-compat, ansible, molecule, molecule_podman
Successfully installed Jinja2-3.1.2 MarkupSafe-2.1.3 ansible-2.10.7 ansible-base-2.10.17 ansible-compat-4.1.10 ansible-core-2.15.6 ansible-lint-5.1.3 arrow-1.3.0 attrs-23.1.0 bcrypt-4.1.1 binaryornot-0.4.4 bracex-2.4 cerberus-1.3.5 certifi-2023.11.17 cffi-1.16.0 chardet-5.2.0 charset-normalizer-3.3.2 click-8.1.7 click-help-colors-0.9.4 cookiecutter-2.5.0 cryptography-41.0.7 distro-1.8.0 enrich-1.2.7 idna-3.6 importlib-resources-5.0.7 jmespath-1.0.1 jsonschema-4.20.0 jsonschema-specifications-2023.11.2 lxml-4.9.3 markdown-it-py-3.0.0 mdurl-0.1.2 molecule-3.5.2 molecule_podman-2.0.0 packaging-23.2 paramiko-2.12.0 pathspec-0.11.2 pluggy-1.3.0 pycparser-2.21 pygments-2.17.2 pynacl-1.5.0 python-dateutil-2.8.2 python-slugify-8.0.1 pyyaml-5.4.1 referencing-0.31.1 requests-2.31.0 resolvelib-1.0.1 rich-13.7.0 rpds-py-0.13.2 ruamel.yaml-0.18.5 ruamel.yaml.clib-0.2.8 selinux-0.3.0 six-1.16.0 subprocess-tee-0.4.1 tenacity-8.2.3 text-unidecode-1.3 types-python-dateutil-2.8.19.14 typing-extensions-4.8.0 urllib3-2.1.0 wcmatch-8.5 yamllint-1.26.3
WARNING: You are using pip version 22.0.4; however, version 23.3.1 is available.
You should consider upgrading via the '/opt/vector-role/.tox/py39-ansible210/bin/python -m pip install --upgrade pip' command.
